app/build/intermediates/manifest_merge_blame_file/debug/manifest-merger-blame-debug-report.txt
1<?xml version="1.0" encoding="utf-8"?>
2<manifest xmlns:android="http://schemas.android.com/apk/res/android"
3    package="com.example.myproject"
4    android:versionCode="1"
5    android:versionName="1.0" >
6
7    <uses-sdk
8        android:minSdkVersion="19"
8-->src/main/AndroidManifest.xml
9        android:targetSdkVersion="33" />
9-->src/main/AndroidManifest.xml
10
11    <uses-permission android:name="android.permission.INTERNET" />
11-->src/main/AndroidManifest.xml:5:5-67
11-->src/main/AndroidManifest.xml:5:22-64
12    <uses-permission android:name="android.permission.ACCESS_NETWORK_STATE" />
12-->[com.google.firebase:firebase-auth:22.0.0] AndroidManifest.xml:26:5-79
12-->[com.google.firebase:firebase-auth:22.0.0] AndroidManifest.xml:26:22-76
13    <uses-permission android:name="android.permission.WAKE_LOCK" />
13-->[com.google.android.gms:play-services-measurement-api:21.2.2] AndroidManifest.xml:24:5-68
13-->[com.google.android.gms:play-services-measurement-api:21.2.2] AndroidManifest.xml:24:22-65
14    <uses-permission android:name="com.google.android.gms.permission.AD_ID" />
14-->[com.google.android.gms:play-services-measurement-api:21.2.2] AndroidManifest.xml:25:5-79
14-->[com.google.android.gms:play-services-measurement-api:21.2.2] AndroidManifest.xml:25:22-76
15    <uses-permission android:name="com.google.android.finsky.permission.BIND_GET_INSTALL_REFERRER_SERVICE" />
15-->[com.google.android.gms:play-services-measurement:21.2.2] AndroidManifest.xml:26:5-110
15-->[com.google.android.gms:play-services-measurement:21.2.2] AndroidManifest.xml:26:22-107
16
17    <permission
17-->[androidx.core:core:1.9.0] AndroidManifest.xml:22:5-24:47
18        android:name="com.example.myproject.DYNAMIC_RECEIVER_NOT_EXPORTED_PERMISSION"
18-->[androidx.core:core:1.9.0] AndroidManifest.xml:23:9-81
19        android:protectionLevel="signature" />
19-->[androidx.core:core:1.9.0] AndroidManifest.xml:24:9-44
20
21    <uses-permission android:name="com.example.myproject.DYNAMIC_RECEIVER_NOT_EXPORTED_PERMISSION" />
21-->[androidx.core:core:1.9.0] AndroidManifest.xml:26:5-97
21-->[androidx.core:core:1.9.0] AndroidManifest.xml:26:22-94
22
23    <application
23-->src/main/AndroidManifest.xml:7:5-57:19
24        android:allowBackup="true"
24-->src/main/AndroidManifest.xml:8:9-35
25        android:appComponentFactory="androidx.core.app.CoreComponentFactory"
25-->[androidx.core:core:1.9.0] AndroidManifest.xml:28:18-86
26        android:dataExtractionRules="@xml/data_extraction_rules"
26-->src/main/AndroidManifest.xml:9:9-65
27        android:debuggable="true"
28        android:fullBackupContent="@xml/backup_rules"
28-->src/main/AndroidManifest.xml:10:9-54
29        android:icon="@mipmap/craft_hub"
29-->src/main/AndroidManifest.xml:11:9-41
30        android:label="@string/app_name"
30-->src/main/AndroidManifest.xml:12:9-41
31        android:roundIcon="@mipmap/ic_launcher_round"
31-->src/main/AndroidManifest.xml:13:9-54
32        android:supportsRtl="true"
32-->src/main/AndroidManifest.xml:14:9-35
33        android:testOnly="true"
34        android:theme="@style/Theme.MyProject" >
34-->src/main/AndroidManifest.xml:15:9-47
35        <activity
35-->src/main/AndroidManifest.xml:17:9-21:66
36            android:name="com.example.myproject.PlumbersActivity"
36-->src/main/AndroidManifest.xml:18:13-45
37            android:exported="false"
37-->src/main/AndroidManifest.xml:19:13-37
38            android:label="@string/title_activity_plumbers"
38-->src/main/AndroidManifest.xml:20:13-60
39            android:theme="@style/Theme.MyProject.NoActionBar" />
39-->src/main/AndroidManifest.xml:21:13-63
40        <activity
40-->src/main/AndroidManifest.xml:22:9-26:54
41            android:name="com.example.myproject.PropertyOwnerActivity"
41-->src/main/AndroidManifest.xml:23:13-50
42            android:exported="false"
42-->src/main/AndroidManifest.xml:24:13-37
43            android:label="@string/title_activity_property_owner"
43-->src/main/AndroidManifest.xml:25:13-66
44            android:theme="@style/Theme.MyProject" />
44-->src/main/AndroidManifest.xml:26:13-51
45        <activity
45-->src/main/AndroidManifest.xml:27:9-29:40
46            android:name="com.example.myproject.MenuActivity"
46-->src/main/AndroidManifest.xml:28:13-41
47            android:exported="false" />
47-->src/main/AndroidManifest.xml:29:13-37
48        <activity
48-->src/main/AndroidManifest.xml:30:9-34:54
49            android:name="com.example.myproject.CraftsActivity"
49-->src/main/AndroidManifest.xml:31:13-43
50            android:exported="false"
50-->src/main/AndroidManifest.xml:32:13-37
51            android:label="@string/title_activity_crafts"
51-->src/main/AndroidManifest.xml:33:13-58
52            android:theme="@style/Theme.MyProject" />
52-->src/main/AndroidManifest.xml:34:13-51
53        <activity
53-->src/main/AndroidManifest.xml:35:9-37:40
54            android:name="com.example.myproject.QueryActivity"
54-->src/main/AndroidManifest.xml:36:13-42
55            android:exported="false" />
55-->src/main/AndroidManifest.xml:37:13-37
56        <activity
56-->src/main/AndroidManifest.xml:38:9-40:40
57            android:name="com.example.myproject.SigninActivity"
57-->src/main/AndroidManifest.xml:39:13-43
58            android:exported="false" />
58-->src/main/AndroidManifest.xml:40:13-37
59        <activity
59-->src/main/AndroidManifest.xml:41:9-44:60
60            android:name="com.example.myproject.ui.login.LoginActivity"
60-->src/main/AndroidManifest.xml:42:13-51
61            android:exported="false"
61-->src/main/AndroidManifest.xml:43:13-37
62            android:label="@string/title_activity_login" />
62-->src/main/AndroidManifest.xml:44:13-57
63        <activity
63-->src/main/AndroidManifest.xml:45:9-47:40
64            android:name="com.example.myproject.SignupActivity"
64-->src/main/AndroidManifest.xml:46:13-43
65            android:exported="false" />
65-->src/main/AndroidManifest.xml:47:13-37
66        <activity
66-->src/main/AndroidManifest.xml:48:9-56:20
67            android:name="com.example.myproject.MainActivity"
67-->src/main/AndroidManifest.xml:49:13-41
68            android:exported="true" >
68-->src/main/AndroidManifest.xml:50:13-36
69            <intent-filter>
69-->src/main/AndroidManifest.xml:51:13-55:29
70                <action android:name="android.intent.action.MAIN" />
70-->src/main/AndroidManifest.xml:52:17-69
70-->src/main/AndroidManifest.xml:52:25-66
71
72                <category android:name="android.intent.category.LAUNCHER" />
72-->src/main/AndroidManifest.xml:54:17-77
72-->src/main/AndroidManifest.xml:54:27-74
73            </intent-filter>
74        </activity>
75
76        <service
76-->[com.google.firebase:firebase-database-ktx:20.2.1] AndroidManifest.xml:11:9-17:19
77            android:name="com.google.firebase.components.ComponentDiscoveryService"
77-->[com.google.firebase:firebase-database-ktx:20.2.1] AndroidManifest.xml:12:13-84
78            android:directBootAware="true"
78-->[com.google.firebase:firebase-common:20.3.2] AndroidManifest.xml:34:13-43
79            android:exported="false" >
79-->[com.google.firebase:firebase-database-ktx:20.2.1] AndroidManifest.xml:13:13-37
80            <meta-data
80-->[com.google.firebase:firebase-database-ktx:20.2.1] AndroidManifest.xml:14:13-16:85
81                android:name="com.google.firebase.components:com.google.firebase.database.ktx.FirebaseDatabaseKtxRegistrar"
81-->[com.google.firebase:firebase-database-ktx:20.2.1] AndroidManifest.xml:15:17-124
82                android:value="com.google.firebase.components.ComponentRegistrar" />
82-->[com.google.firebase:firebase-database-ktx:20.2.1] AndroidManifest.xml:16:17-82
83            <meta-data
83-->[com.google.firebase:firebase-storage-ktx:20.2.0] AndroidManifest.xml:14:13-16:85
84                android:name="com.google.firebase.components:com.google.firebase.storage.ktx.FirebaseStorageKtxRegistrar"
84-->[com.google.firebase:firebase-storage-ktx:20.2.0] AndroidManifest.xml:15:17-122
85                android:value="com.google.firebase.components.ComponentRegistrar" />
85-->[com.google.firebase:firebase-storage-ktx:20.2.0] AndroidManifest.xml:16:17-82
86            <meta-data
86-->[com.google.firebase:firebase-auth-ktx:22.0.0] AndroidManifest.xml:11:13-13:85
87                android:name="com.google.firebase.components:com.google.firebase.auth.ktx.FirebaseAuthKtxRegistrar"
87-->[com.google.firebase:firebase-auth-ktx:22.0.0] AndroidManifest.xml:12:17-116
88                android:value="com.google.firebase.components.ComponentRegistrar" />
88-->[com.google.firebase:firebase-auth-ktx:22.0.0] AndroidManifest.xml:13:17-82
89            <meta-data
89-->[com.google.firebase:firebase-analytics-ktx:21.2.2] AndroidManifest.xml:11:13-13:85
90                android:name="com.google.firebase.components:com.google.firebase.analytics.ktx.FirebaseAnalyticsKtxRegistrar"
90-->[com.google.firebase:firebase-analytics-ktx:21.2.2] AndroidManifest.xml:12:17-126
91                android:value="com.google.firebase.components.ComponentRegistrar" />
91-->[com.google.firebase:firebase-analytics-ktx:21.2.2] AndroidManifest.xml:13:17-82
92            <meta-data
92-->[com.google.firebase:firebase-common-ktx:20.3.2] AndroidManifest.xml:14:13-16:85
93                android:name="com.google.firebase.components:com.google.firebase.ktx.FirebaseCommonKtxRegistrar"
93-->[com.google.firebase:firebase-common-ktx:20.3.2] AndroidManifest.xml:15:17-113
94                android:value="com.google.firebase.components.ComponentRegistrar" />
94-->[com.google.firebase:firebase-common-ktx:20.3.2] AndroidManifest.xml:16:17-82
95            <meta-data
95-->[com.google.firebase:firebase-auth:22.0.0] AndroidManifest.xml:69:13-71:85
96                android:name="com.google.firebase.components:com.google.firebase.auth.FirebaseAuthRegistrar"
96-->[com.google.firebase:firebase-auth:22.0.0] AndroidManifest.xml:70:17-109
97                android:value="com.google.firebase.components.ComponentRegistrar" />
97-->[com.google.firebase:firebase-auth:22.0.0] AndroidManifest.xml:71:17-82
98            <meta-data
98-->[com.google.firebase:firebase-database:20.2.1] AndroidManifest.xml:31:13-33:85
99                android:name="com.google.firebase.components:com.google.firebase.database.DatabaseRegistrar"
99-->[com.google.firebase:firebase-database:20.2.1] AndroidManifest.xml:32:17-109
100                android:value="com.google.firebase.components.ComponentRegistrar" />
100-->[com.google.firebase:firebase-database:20.2.1] AndroidManifest.xml:33:17-82
101            <meta-data
101-->[com.google.firebase:firebase-storage:20.2.0] AndroidManifest.xml:32:13-34:85
102                android:name="com.google.firebase.components:com.google.firebase.storage.StorageRegistrar"
102-->[com.google.firebase:firebase-storage:20.2.0] AndroidManifest.xml:33:17-107
103                android:value="com.google.firebase.components.ComponentRegistrar" />
103-->[com.google.firebase:firebase-storage:20.2.0] AndroidManifest.xml:34:17-82
104            <meta-data
104-->[com.google.android.gms:play-services-measurement-api:21.2.2] AndroidManifest.xml:31:13-33:85
105                android:name="com.google.firebase.components:com.google.firebase.analytics.connector.internal.AnalyticsConnectorRegistrar"
105-->[com.google.android.gms:play-services-measurement-api:21.2.2] AndroidManifest.xml:32:17-139
106                android:value="com.google.firebase.components.ComponentRegistrar" />
106-->[com.google.android.gms:play-services-measurement-api:21.2.2] AndroidManifest.xml:33:17-82
107            <meta-data
107-->[com.google.firebase:firebase-installations:17.1.3] AndroidManifest.xml:17:13-19:85
108                android:name="com.google.firebase.components:com.google.firebase.installations.FirebaseInstallationsRegistrar"
108-->[com.google.firebase:firebase-installations:17.1.3] AndroidManifest.xml:18:17-127
109                android:value="com.google.firebase.components.ComponentRegistrar" />
109-->[com.google.firebase:firebase-installations:17.1.3] AndroidManifest.xml:19:17-82
110        </service>
111
112        <activity
112-->[com.google.firebase:firebase-auth:22.0.0] AndroidManifest.xml:29:9-46:20
113            android:name="com.google.firebase.auth.internal.GenericIdpActivity"
113-->[com.google.firebase:firebase-auth:22.0.0] AndroidManifest.xml:30:13-80
114            android:excludeFromRecents="true"
114-->[com.google.firebase:firebase-auth:22.0.0] AndroidManifest.xml:31:13-46
115            android:exported="true"
115-->[com.google.firebase:firebase-auth:22.0.0] AndroidManifest.xml:32:13-36
116            android:launchMode="singleTask"
116-->[com.google.firebase:firebase-auth:22.0.0] AndroidManifest.xml:33:13-44
117            android:theme="@android:style/Theme.Translucent.NoTitleBar" >
117-->[com.google.firebase:firebase-auth:22.0.0] AndroidManifest.xml:34:13-72
118            <intent-filter>
118-->[com.google.firebase:firebase-auth:22.0.0] AndroidManifest.xml:35:13-45:29
119                <action android:name="android.intent.action.VIEW" />
119-->[com.google.firebase:firebase-auth:22.0.0] AndroidManifest.xml:36:17-69
119-->[com.google.firebase:firebase-auth:22.0.0] AndroidManifest.xml:36:25-66
120
121                <category android:name="android.intent.category.DEFAULT" />
121-->[com.google.firebase:firebase-auth:22.0.0] AndroidManifest.xml:38:17-76
121-->[com.google.firebase:firebase-auth:22.0.0] AndroidManifest.xml:38:27-73
122                <category android:name="android.intent.category.BROWSABLE" />
122-->[com.google.firebase:firebase-auth:22.0.0] AndroidManifest.xml:39:17-78
122-->[com.google.firebase:firebase-auth:22.0.0] AndroidManifest.xml:39:27-75
123
124                <data
124-->[com.google.firebase:firebase-auth:22.0.0] AndroidManifest.xml:41:17-44:51
125                    android:host="firebase.auth"
125-->[com.google.firebase:firebase-auth:22.0.0] AndroidManifest.xml:42:21-49
126                    android:path="/"
126-->[com.google.firebase:firebase-auth:22.0.0] AndroidManifest.xml:43:21-37
127                    android:scheme="genericidp" />
127-->[com.google.firebase:firebase-auth:22.0.0] AndroidManifest.xml:44:21-48
128            </intent-filter>
129        </activity>
130        <activity
130-->[com.google.firebase:firebase-auth:22.0.0] AndroidManifest.xml:47:9-64:20
131            android:name="com.google.firebase.auth.internal.RecaptchaActivity"
131-->[com.google.firebase:firebase-auth:22.0.0] AndroidManifest.xml:48:13-79
132            android:excludeFromRecents="true"
132-->[com.google.firebase:firebase-auth:22.0.0] AndroidManifest.xml:49:13-46
133            android:exported="true"
133-->[com.google.firebase:firebase-auth:22.0.0] AndroidManifest.xml:50:13-36
134            android:launchMode="singleTask"
134-->[com.google.firebase:firebase-auth:22.0.0] AndroidManifest.xml:51:13-44
135            android:theme="@android:style/Theme.Translucent.NoTitleBar" >
135-->[com.google.firebase:firebase-auth:22.0.0] AndroidManifest.xml:52:13-72
136            <intent-filter>
136-->[com.google.firebase:firebase-auth:22.0.0] AndroidManifest.xml:53:13-63:29
137                <action android:name="android.intent.action.VIEW" />
137-->[com.google.firebase:firebase-auth:22.0.0] AndroidManifest.xml:36:17-69
137-->[com.google.firebase:firebase-auth:22.0.0] AndroidManifest.xml:36:25-66
138
139                <category android:name="android.intent.category.DEFAULT" />
139-->[com.google.firebase:firebase-auth:22.0.0] AndroidManifest.xml:38:17-76
139-->[com.google.firebase:firebase-auth:22.0.0] AndroidManifest.xml:38:27-73
140                <category android:name="android.intent.category.BROWSABLE" />
140-->[com.google.firebase:firebase-auth:22.0.0] AndroidManifest.xml:39:17-78
140-->[com.google.firebase:firebase-auth:22.0.0] AndroidManifest.xml:39:27-75
141
142                <data
142-->[com.google.firebase:firebase-auth:22.0.0] AndroidManifest.xml:41:17-44:51
143                    android:host="firebase.auth"
143-->[com.google.firebase:firebase-auth:22.0.0] AndroidManifest.xml:42:21-49
144                    android:path="/"
144-->[com.google.firebase:firebase-auth:22.0.0] AndroidManifest.xml:43:21-37
145                    android:scheme="recaptcha" />
145-->[com.google.firebase:firebase-auth:22.0.0] AndroidManifest.xml:44:21-48
146            </intent-filter>
147        </activity>
148        <activity
148-->[com.google.android.gms:play-services-auth:20.5.0] AndroidManifest.xml:23:9-27:75
149            android:name="com.google.android.gms.auth.api.signin.internal.SignInHubActivity"
149-->[com.google.android.gms:play-services-auth:20.5.0] AndroidManifest.xml:24:13-93
150            android:excludeFromRecents="true"
150-->[com.google.android.gms:play-services-auth:20.5.0] AndroidManifest.xml:25:13-46
151            android:exported="false"
151-->[com.google.android.gms:play-services-auth:20.5.0] AndroidManifest.xml:26:13-37
152            android:theme="@android:style/Theme.Translucent.NoTitleBar" />
152-->[com.google.android.gms:play-services-auth:20.5.0] AndroidManifest.xml:27:13-72
153        <!--
154            Service handling Google Sign-In user revocation. For apps that do not integrate with
155            Google Sign-In, this service will never be started.
156        -->
157        <service
157-->[com.google.android.gms:play-services-auth:20.5.0] AndroidManifest.xml:33:9-37:51
158            android:name="com.google.android.gms.auth.api.signin.RevocationBoundService"
158-->[com.google.android.gms:play-services-auth:20.5.0] AndroidManifest.xml:34:13-89
159            android:exported="true"
159-->[com.google.android.gms:play-services-auth:20.5.0] AndroidManifest.xml:35:13-36
160            android:permission="com.google.android.gms.auth.api.signin.permission.REVOCATION_NOTIFICATION"
160-->[com.google.android.gms:play-services-auth:20.5.0] AndroidManifest.xml:36:13-107
161            android:visibleToInstantApps="true" />
161-->[com.google.android.gms:play-services-auth:20.5.0] AndroidManifest.xml:37:13-48
162
163        <provider
163-->[com.google.firebase:firebase-common:20.3.2] AndroidManifest.xml:25:9-30:39
164            android:name="com.google.firebase.provider.FirebaseInitProvider"
164-->[com.google.firebase:firebase-common:20.3.2] AndroidManifest.xml:26:13-77
165            android:authorities="com.example.myproject.firebaseinitprovider"
165-->[com.google.firebase:firebase-common:20.3.2] AndroidManifest.xml:27:13-72
166            android:directBootAware="true"
166-->[com.google.firebase:firebase-common:20.3.2] AndroidManifest.xml:28:13-43
167            android:exported="false"
167-->[com.google.firebase:firebase-common:20.3.2] AndroidManifest.xml:29:13-37
168            android:initOrder="100" />
168-->[com.google.firebase:firebase-common:20.3.2] AndroidManifest.xml:30:13-36
169
170        <activity
170-->[com.google.android.gms:play-services-base:18.1.0] AndroidManifest.xml:20:9-22:45
171            android:name="com.google.android.gms.common.api.GoogleApiActivity"
171-->[com.google.android.gms:play-services-base:18.1.0] AndroidManifest.xml:20:19-85
172            android:exported="false"
172-->[com.google.android.gms:play-services-base:18.1.0] AndroidManifest.xml:22:19-43
173            android:theme="@android:style/Theme.Translucent.NoTitleBar" />
173-->[com.google.android.gms:play-services-base:18.1.0] AndroidManifest.xml:21:19-78
174
175        <receiver
175-->[com.google.android.gms:play-services-measurement:21.2.2] AndroidManifest.xml:29:9-33:20
176            android:name="com.google.android.gms.measurement.AppMeasurementReceiver"
176-->[com.google.android.gms:play-services-measurement:21.2.2] AndroidManifest.xml:30:13-85
177            android:enabled="true"
177-->[com.google.android.gms:play-services-measurement:21.2.2] AndroidManifest.xml:31:13-35
178            android:exported="false" >
178-->[com.google.android.gms:play-services-measurement:21.2.2] AndroidManifest.xml:32:13-37
179        </receiver>
180
181        <service
181-->[com.google.android.gms:play-services-measurement:21.2.2] AndroidManifest.xml:35:9-38:40
182            android:name="com.google.android.gms.measurement.AppMeasurementService"
182-->[com.google.android.gms:play-services-measurement:21.2.2] AndroidManifest.xml:36:13-84
183            android:enabled="true"
183-->[com.google.android.gms:play-services-measurement:21.2.2] AndroidManifest.xml:37:13-35
184            android:exported="false" />
184-->[com.google.android.gms:play-services-measurement:21.2.2] AndroidManifest.xml:38:13-37
185        <service
185-->[com.google.android.gms:play-services-measurement:21.2.2] AndroidManifest.xml:39:9-43:72
186            android:name="com.google.android.gms.measurement.AppMeasurementJobService"
186-->[com.google.android.gms:play-services-measurement:21.2.2] AndroidManifest.xml:40:13-87
187            android:enabled="true"
187-->[com.google.android.gms:play-services-measurement:21.2.2] AndroidManifest.xml:41:13-35
188            android:exported="false"
188-->[com.google.android.gms:play-services-measurement:21.2.2] AndroidManifest.xml:42:13-37
189            android:permission="android.permission.BIND_JOB_SERVICE" />
189-->[com.google.android.gms:play-services-measurement:21.2.2] AndroidManifest.xml:43:13-69
190
191        <meta-data
191-->[com.google.android.gms:play-services-basement:18.2.0] AndroidManifest.xml:21:9-23:69
192            android:name="com.google.android.gms.version"
192-->[com.google.android.gms:play-services-basement:18.2.0] AndroidManifest.xml:22:13-58
193            android:value="@integer/google_play_services_version" />
193-->[com.google.android.gms:play-services-basement:18.2.0] AndroidManifest.xml:23:13-66
194
195        <uses-library
195-->[androidx.window:window:1.0.0] AndroidManifest.xml:25:9-27:40
196            android:name="androidx.window.extensions"
196-->[androidx.window:window:1.0.0] AndroidManifest.xml:26:13-54
197            android:required="false" />
197-->[androidx.window:window:1.0.0] AndroidManifest.xml:27:13-37
198        <uses-library
198-->[androidx.window:window:1.0.0] AndroidManifest.xml:28:9-30:40
199            android:name="androidx.window.sidecar"
199-->[androidx.window:window:1.0.0] AndroidManifest.xml:29:13-51
200            android:required="false" />
200-->[androidx.window:window:1.0.0] AndroidManifest.xml:30:13-37
201
202        <provider
202-->[androidx.emoji2:emoji2:1.2.0] AndroidManifest.xml:24:9-32:20
203            android:name="androidx.startup.InitializationProvider"
203-->[androidx.emoji2:emoji2:1.2.0] AndroidManifest.xml:25:13-67
204            android:authorities="com.example.myproject.androidx-startup"
204-->[androidx.emoji2:emoji2:1.2.0] AndroidManifest.xml:26:13-68
205            android:exported="false" >
205-->[androidx.emoji2:emoji2:1.2.0] AndroidManifest.xml:27:13-37
206            <meta-data
206-->[androidx.emoji2:emoji2:1.2.0] AndroidManifest.xml:29:13-31:52
207                android:name="androidx.emoji2.text.EmojiCompatInitializer"
207-->[androidx.emoji2:emoji2:1.2.0] AndroidManifest.xml:30:17-75
208                android:value="androidx.startup" />
208-->[androidx.emoji2:emoji2:1.2.0] AndroidManifest.xml:31:17-49
209            <meta-data
209-->[androidx.lifecycle:lifecycle-process:2.4.1] AndroidManifest.xml:31:13-33:52
210                android:name="androidx.lifecycle.ProcessLifecycleInitializer"
210-->[androidx.lifecycle:lifecycle-process:2.4.1] AndroidManifest.xml:32:17-78
211                android:value="androidx.startup" />
211-->[androidx.lifecycle:lifecycle-process:2.4.1] AndroidManifest.xml:33:17-49
212        </provider>
213    </application>
214
215</manifest>